build/app/intermediates/manifest_merge_blame_file/debug/manifest-merger-blame-debug-report.txt
1<?xml version="1.0" encoding="utf-8"?>
2<manifest xmlns:android="http://schemas.android.com/apk/res/android"
3    package="com.superawesomeapps.ai_buddy"
4    android:versionCode="1"
5    android:versionName="1.0.0" >
6
7    <uses-sdk
8        android:minSdkVersion="21"
9        android:targetSdkVersion="33" />
10    <!--
11         The INTERNET permission is required for development. Specifically,
12         the Flutter tool needs it to communicate with the running application
13         to allow setting breakpoints, to provide hot reload, etc.
14    -->
15    <uses-permission android:name="android.permission.INTERNET" />
15-->src\main\AndroidManifest.xml:33:5-66
15-->src\main\AndroidManifest.xml:33:22-64
16    <uses-permission
16-->[:file_picker] AndroidManifest.xml:9:5-11:38
17        android:name="android.permission.READ_EXTERNAL_STORAGE"
17-->[:file_picker] AndroidManifest.xml:10:9-64
18        android:maxSdkVersion="32" />
18-->[:file_picker] AndroidManifest.xml:11:9-35
19
20    <queries>
20-->[:file_picker] AndroidManifest.xml:13:5-19:15
21        <intent>
21-->[:file_picker] AndroidManifest.xml:14:9-18:18
22            <action android:name="android.intent.action.GET_CONTENT" />
22-->[:file_picker] AndroidManifest.xml:15:13-72
22-->[:file_picker] AndroidManifest.xml:15:21-69
23
24            <data android:mimeType="*/*" />
24-->[:file_picker] AndroidManifest.xml:17:13-44
24-->[:file_picker] AndroidManifest.xml:17:19-41
25        </intent>
26    </queries>
27
28    <permission
28-->[androidx.core:core:1.10.1] AndroidManifest.xml:22:5-24:47
29        android:name="com.superawesomeapps.ai_buddy.DYNAMIC_RECEIVER_NOT_EXPORTED_PERMISSION"
29-->[androidx.core:core:1.10.1] AndroidManifest.xml:23:9-81
30        android:protectionLevel="signature" />
30-->[androidx.core:core:1.10.1] AndroidManifest.xml:24:9-44
31
32    <uses-permission android:name="com.superawesomeapps.ai_buddy.DYNAMIC_RECEIVER_NOT_EXPORTED_PERMISSION" />
32-->[androidx.core:core:1.10.1] AndroidManifest.xml:26:5-97
32-->[androidx.core:core:1.10.1] AndroidManifest.xml:26:22-94
33
34    <application
35        android:name="android.app.Application"
36        android:appComponentFactory="androidx.core.app.CoreComponentFactory"
36-->[androidx.core:core:1.10.1] AndroidManifest.xml:28:18-86
37        android:debuggable="true"
38        android:icon="@mipmap/ic_launcher"
39        android:label="PROF.AI" >
40        <activity
41            android:name="com.superawesomeapps.ai_buddy.MainActivity"
42            android:configChanges="orientation|keyboardHidden|keyboard|screenSize|smallestScreenSize|locale|layoutDirection|fontScale|screenLayout|density|uiMode"
43            android:exported="true"
44            android:hardwareAccelerated="true"
45            android:launchMode="singleTop"
46            android:theme="@style/LaunchTheme"
47            android:windowSoftInputMode="adjustResize" >
48
49            <!--
50                 Specifies an Android theme to apply to this Activity as soon as
51                 the Android process has started. This theme is visible to the user
52                 while the Flutter UI initializes. After that, this theme continues
53                 to determine the Window background behind the Flutter UI.
54            -->
55            <meta-data
56                android:name="io.flutter.embedding.android.NormalTheme"
57                android:resource="@style/NormalTheme" />
58
59            <intent-filter>
60                <action android:name="android.intent.action.MAIN" />
61
62                <category android:name="android.intent.category.LAUNCHER" />
63            </intent-filter>
64        </activity>
65        <!--
66             Don't delete the meta-data below.
67             This is used by the Flutter tool to generate GeneratedPluginRegistrant.java
68        -->
69        <meta-data
70            android:name="flutterEmbedding"
71            android:value="2" />
72
73        <provider
73-->[:image_picker_android] AndroidManifest.xml:10:9-18:20
74            android:name="io.flutter.plugins.imagepicker.ImagePickerFileProvider"
74-->[:image_picker_android] AndroidManifest.xml:11:13-82
75            android:authorities="com.superawesomeapps.ai_buddy.flutter.image_provider"
75-->[:image_picker_android] AndroidManifest.xml:12:13-74
76            android:exported="false"
76-->[:image_picker_android] AndroidManifest.xml:13:13-37
77            android:grantUriPermissions="true" >
77-->[:image_picker_android] AndroidManifest.xml:14:13-47
78            <meta-data
78-->[:image_picker_android] AndroidManifest.xml:15:13-17:75
79                android:name="android.support.FILE_PROVIDER_PATHS"
79-->[:image_picker_android] AndroidManifest.xml:16:17-67
80                android:resource="@xml/flutter_image_picker_file_paths" />
80-->[:image_picker_android] AndroidManifest.xml:17:17-72
81        </provider>
82
83        <activity
83-->[:url_launcher_android] AndroidManifest.xml:10:9-13:74
84            android:name="io.flutter.plugins.urllauncher.WebViewActivity"
84-->[:url_launcher_android] AndroidManifest.xml:11:13-74
85            android:exported="false"
85-->[:url_launcher_android] AndroidManifest.xml:12:13-37
86            android:theme="@android:style/Theme.NoTitleBar.Fullscreen" />
86-->[:url_launcher_android] AndroidManifest.xml:13:13-71
87
88        <uses-library
88-->[androidx.window:window:1.0.0-beta04] AndroidManifest.xml:25:9-27:40
89            android:name="androidx.window.extensions"
89-->[androidx.window:window:1.0.0-beta04] AndroidManifest.xml:26:13-54
90            android:required="false" />
90-->[androidx.window:window:1.0.0-beta04] AndroidManifest.xml:27:13-37
91        <uses-library
91-->[androidx.window:window:1.0.0-beta04] AndroidManifest.xml:28:9-30:40
92            android:name="androidx.window.sidecar"
92-->[androidx.window:window:1.0.0-beta04] AndroidManifest.xml:29:13-51
93            android:required="false" />
93-->[androidx.window:window:1.0.0-beta04] AndroidManifest.xml:30:13-37
94
95        <provider
95-->[androidx.profileinstaller:profileinstaller:1.3.0] AndroidManifest.xml:24:9-32:20
96            android:name="androidx.startup.InitializationProvider"
96-->[androidx.profileinstaller:profileinstaller:1.3.0] AndroidManifest.xml:25:13-67
97            android:authorities="com.superawesomeapps.ai_buddy.androidx-startup"
97-->[androidx.profileinstaller:profileinstaller:1.3.0] AndroidManifest.xml:26:13-68
98            android:exported="false" >
98-->[androidx.profileinstaller:profileinstaller:1.3.0] AndroidManifest.xml:27:13-37
99            <meta-data
99-->[androidx.profileinstaller:profileinstaller:1.3.0] AndroidManifest.xml:29:13-31:52
100                android:name="androidx.profileinstaller.ProfileInstallerInitializer"
100-->[androidx.profileinstaller:profileinstaller:1.3.0] AndroidManifest.xml:30:17-85
101                android:value="androidx.startup" />
101-->[androidx.profileinstaller:profileinstaller:1.3.0] AndroidManifest.xml:31:17-49
102        </provider>
103
104        <receiver
104-->[androidx.profileinstaller:profileinstaller:1.3.0] AndroidManifest.xml:34:9-52:20
105            android:name="androidx.profileinstaller.ProfileInstallReceiver"
105-->[androidx.profileinstaller:profileinstaller:1.3.0] AndroidManifest.xml:35:13-76
106            android:directBootAware="false"
106-->[androidx.profileinstaller:profileinstaller:1.3.0] AndroidManifest.xml:36:13-44
107            android:enabled="true"
107-->[androidx.profileinstaller:profileinstaller:1.3.0] AndroidManifest.xml:37:13-35
108            android:exported="true"
108-->[androidx.profileinstaller:profileinstaller:1.3.0] AndroidManifest.xml:38:13-36
109            android:permission="android.permission.DUMP" >
109-->[androidx.profileinstaller:profileinstaller:1.3.0] AndroidManifest.xml:39:13-57
110            <intent-filter>
110-->[androidx.profileinstaller:profileinstaller:1.3.0] AndroidManifest.xml:40:13-42:29
111                <action android:name="androidx.profileinstaller.action.INSTALL_PROFILE" />
111-->[androidx.profileinstaller:profileinstaller:1.3.0] AndroidManifest.xml:41:17-91
111-->[androidx.profileinstaller:profileinstaller:1.3.0] AndroidManifest.xml:41:25-88
112            </intent-filter>
113            <intent-filter>
113-->[androidx.profileinstaller:profileinstaller:1.3.0] AndroidManifest.xml:43:13-45:29
114                <action android:name="androidx.profileinstaller.action.SKIP_FILE" />
114-->[androidx.profileinstaller:profileinstaller:1.3.0] AndroidManifest.xml:44:17-85
114-->[androidx.profileinstaller:profileinstaller:1.3.0] AndroidManifest.xml:44:25-82
115            </intent-filter>
116            <intent-filter>
116-->[androidx.profileinstaller:profileinstaller:1.3.0] AndroidManifest.xml:46:13-48:29
117                <action android:name="androidx.profileinstaller.action.SAVE_PROFILE" />
117-->[androidx.profileinstaller:profileinstaller:1.3.0] AndroidManifest.xml:47:17-88
117-->[androidx.profileinstaller:profileinstaller:1.3.0] AndroidManifest.xml:47:25-85
118            </intent-filter>
119            <intent-filter>
119-->[androidx.profileinstaller:profileinstaller:1.3.0] AndroidManifest.xml:49:13-51:29
120                <action android:name="androidx.profileinstaller.action.BENCHMARK_OPERATION" />
120-->[androidx.profileinstaller:profileinstaller:1.3.0] AndroidManifest.xml:50:17-95
120-->[androidx.profileinstaller:profileinstaller:1.3.0] AndroidManifest.xml:50:25-92
121            </intent-filter>
122        </receiver>
123    </application>
124
125</manifest>